<?xml version="1.0" encoding="UTF-8"?>
<testng-results ignored="0" total="2" passed="1" failed="1" skipped="0">
  <reporter-output>
  </reporter-output>
  <suite started-at="2023-03-07T11:22:00 GMT-08:00" name="Opencart App Test Regression Suite" finished-at="2023-03-07T11:22:08 GMT-08:00" duration-ms="7932">
    <groups>
    </groups>
    <test started-at="2023-03-07T11:22:00 GMT-08:00" name="Login Page Test" finished-at="2023-03-07T11:22:08 GMT-08:00" duration-ms="7932">
      <class name="pack.three.TestMain">
        <test-method is-config="true" signature="setUp()[pri:0, instance:pack.three.TestMain@256a1825]" started-at="2023-03-07T11:22:00 GMT-08:00" name="setUp" finished-at="2023-03-07T11:22:06 GMT-08:00" duration-ms="6480" status="PASS">
          <reporter-output>
          </reporter-output>
        </test-method> <!-- setUp -->
        <test-method signature="getLoginPageTitle_Test()[pri:0, instance:pack.three.TestMain@256a1825]" started-at="2023-03-07T11:22:06 GMT-08:00" name="getLoginPageTitle_Test" finished-at="2023-03-07T11:22:07 GMT-08:00" duration-ms="150" status="FAIL">
          <exception class="java.lang.AssertionError">
            <message>
              <![CDATA[expected [Account Login_Updated] but found [Account Login]]]>
            </message>
            <full-stacktrace>
              <![CDATA[java.lang.AssertionError: expected [Account Login_Updated] but found [Account Login]
at org.testng.Assert.fail(Assert.java:99)
at org.testng.Assert.failNotEquals(Assert.java:1037)
at org.testng.Assert.assertEqualsImpl(Assert.java:140)
at org.testng.Assert.assertEquals(Assert.java:122)
at org.testng.Assert.assertEquals(Assert.java:629)
at org.testng.Assert.assertEquals(Assert.java:639)
at pack.three.TestMain.getLoginPageTitle_Test(TestMain.java:15)
at java.base/jdk.internal.reflect.NativeMethodAccessorImpl.invoke0(Native Method)
at java.base/jdk.internal.reflect.NativeMethodAccessorImpl.invoke(NativeMethodAccessorImpl.java:77)
at java.base/jdk.internal.reflect.DelegatingMethodAccessorImpl.invoke(DelegatingMethodAccessorImpl.java:43)
at java.base/java.lang.reflect.Method.invoke(Method.java:568)
at org.testng.internal.MethodInvocationHelper.invokeMethod(MethodInvocationHelper.java:133)
at org.testng.internal.TestInvoker.invokeMethod(TestInvoker.java:598)
at org.testng.internal.TestInvoker.invokeTestMethod(TestInvoker.java:173)
at org.testng.internal.MethodRunner.runInSequence(MethodRunner.java:46)
at org.testng.internal.TestInvoker$MethodInvocationAgent.invoke(TestInvoker.java:824)
at org.testng.internal.TestInvoker.invokeTestMethods(TestInvoker.java:146)
at org.testng.internal.TestMethodWorker.invokeTestMethods(TestMethodWorker.java:146)
at org.testng.internal.TestMethodWorker.run(TestMethodWorker.java:128)
at java.base/java.util.ArrayList.forEach(ArrayList.java:1511)
at org.testng.TestRunner.privateRun(TestRunner.java:794)
at org.testng.TestRunner.run(TestRunner.java:596)
at org.testng.SuiteRunner.runTest(SuiteRunner.java:377)
at org.testng.SuiteRunner.access$000(SuiteRunner.java:28)
at org.testng.SuiteRunner$SuiteWorker.run(SuiteRunner.java:418)
at org.testng.internal.thread.ThreadUtil.lambda$execute$0(ThreadUtil.java:64)
at java.base/java.util.concurrent.FutureTask.run(FutureTask.java:264)
at java.base/java.util.concurrent.ThreadPoolExecutor.runWorker(ThreadPoolExecutor.java:1136)
at java.base/java.util.concurrent.ThreadPoolExecutor$Worker.run(ThreadPoolExecutor.java:635)
at java.base/java.lang.Thread.run(Thread.java:833)
]]>
            </full-stacktrace>
          </exception> <!-- java.lang.AssertionError -->
          <reporter-output>
          </reporter-output>
        </test-method> <!-- getLoginPageTitle_Test -->
        <test-method signature="getPageURL_Test()[pri:0, instance:pack.three.TestMain@256a1825]" started-at="2023-03-07T11:22:07 GMT-08:00" name="getPageURL_Test" finished-at="2023-03-07T11:22:07 GMT-08:00" duration-ms="6" status="PASS">
          <reporter-output>
          </reporter-output>
        </test-method> <!-- getPageURL_Test -->
        <test-method is-config="true" signature="tearDown()[pri:0, instance:pack.three.TestMain@256a1825]" started-at="2023-03-07T11:22:07 GMT-08:00" name="tearDown" finished-at="2023-03-07T11:22:08 GMT-08:00" duration-ms="1110" status="PASS">
          <reporter-output>
          </reporter-output>
        </test-method> <!-- tearDown -->
      </class> <!-- pack.three.TestMain -->
    </test> <!-- Login Page Test -->
  </suite> <!-- Opencart App Test Regression Suite -->
</testng-results>
